<?xml version="1.0" encoding="UTF-8"?>
<testsuite name="com.minibank.gluharyovmiddleservice.service.IntegrationTest" tests="1" skipped="0" failures="0" errors="0" timestamp="2024-07-03T10:02:20" hostname="king-VirtualBox" time="0.088">
  <properties/>
  <testcase name="testRegisterCommand()" classname="com.minibank.gluharyovmiddleservice.service.IntegrationTest" time="0.088"/>
  <system-out><![CDATA[2024-07-03T13:02:17.973+03:00  INFO 10237 --- [    Test worker] t.c.s.AnnotationConfigContextLoaderUtils : Could not detect default configuration classes for test class [com.minibank.gluharyovmiddleservice.service.IntegrationTest]: IntegrationTest does not declare any static, non-private, non-final, nested classes annotated with @Configuration.
2024-07-03T13:02:17.978+03:00  INFO 10237 --- [    Test worker] .b.t.c.SpringBootTestContextBootstrapper : Found @SpringBootConfiguration com.minibank.gluharyovmiddleservice.GluharyovmiddleserviceApplication for test class com.minibank.gluharyovmiddleservice.service.IntegrationTest

  .   ____          _            __ _ _
 /\\ / ___'_ __ _ _(_)_ __  __ _ \ \ \ \
( ( )\___ | '_ | '_| | '_ \/ _` | \ \ \ \
 \\/  ___)| |_)| | | | | || (_| |  ) ) ) )
  '  |____| .__|_| |_|_| |_\__, | / / / /
 =========|_|==============|___/=/_/_/_/
 :: Spring Boot ::                (v3.2.5)

2024-07-03T13:02:18.020+03:00  INFO 10237 --- [    Test worker] c.m.g.service.IntegrationTest            : Starting IntegrationTest using Java 17.0.10 with PID 10237 (started by king in /home/king/IdeaProjects/gluharyov-middle-service)
2024-07-03T13:02:18.020+03:00  INFO 10237 --- [    Test worker] c.m.g.service.IntegrationTest            : No active profile set, falling back to 1 default profile: "default"
2024-07-03T13:02:18.161+03:00  INFO 10237 --- [    Test worker] o.s.cloud.context.scope.GenericScope     : BeanFactory id=786159c8-3318-3923-a20b-afc747d608d3
2024-07-03T13:02:20.163+03:00  INFO 10237 --- [    Test worker] c.m.g.service.IntegrationTest            : Started IntegrationTest in 2.177 seconds (process running for 4.682)
]]></system-out>
  <system-err><![CDATA[]]></system-err>
</testsuite>
